/cluster/work/sebastvi/master-sau/yolov5
Found existing installation: absl-py 0.15.0
Uninstalling absl-py-0.15.0:
  Successfully uninstalled absl-py-0.15.0
Found existing installation: cachetools 4.2.4
Uninstalling cachetools-4.2.4:
  Successfully uninstalled cachetools-4.2.4
Found existing installation: cycler 0.10.0
Uninstalling cycler-0.10.0:
  Successfully uninstalled cycler-0.10.0
Found existing installation: google-auth 2.3.0
Uninstalling google-auth-2.3.0:
  Successfully uninstalled google-auth-2.3.0
Found existing installation: google-auth-oauthlib 0.4.6
Uninstalling google-auth-oauthlib-0.4.6:
  Successfully uninstalled google-auth-oauthlib-0.4.6
Found existing installation: grpcio 1.41.0
Uninstalling grpcio-1.41.0:
  Successfully uninstalled grpcio-1.41.0
Found existing installation: kiwisolver 1.3.2
Uninstalling kiwisolver-1.3.2:
  Successfully uninstalled kiwisolver-1.3.2
Found existing installation: Markdown 3.3.4
Uninstalling Markdown-3.3.4:
  Successfully uninstalled Markdown-3.3.4
Found existing installation: matplotlib 3.4.3
Uninstalling matplotlib-3.4.3:
  Successfully uninstalled matplotlib-3.4.3
Found existing installation: numpy 1.21.3
Uninstalling numpy-1.21.3:
  Successfully uninstalled numpy-1.21.3
Found existing installation: oauthlib 3.1.1
Uninstalling oauthlib-3.1.1:
  Successfully uninstalled oauthlib-3.1.1
Found existing installation: opencv-python 4.5.4.58
Uninstalling opencv-python-4.5.4.58:
  Successfully uninstalled opencv-python-4.5.4.58
Found existing installation: pandas 1.3.4
Uninstalling pandas-1.3.4:
  Successfully uninstalled pandas-1.3.4
Found existing installation: Pillow 8.4.0
Uninstalling Pillow-8.4.0:
  Successfully uninstalled Pillow-8.4.0
Found existing installation: protobuf 3.19.0
Uninstalling protobuf-3.19.0:
  Successfully uninstalled protobuf-3.19.0
Found existing installation: pyasn1-modules 0.2.8
Uninstalling pyasn1-modules-0.2.8:
  Successfully uninstalled pyasn1-modules-0.2.8
Found existing installation: PyYAML 6.0
Uninstalling PyYAML-6.0:
  Successfully uninstalled PyYAML-6.0
Found existing installation: requests-oauthlib 1.3.0
Uninstalling requests-oauthlib-1.3.0:
  Successfully uninstalled requests-oauthlib-1.3.0
Found existing installation: rsa 4.7.2
Uninstalling rsa-4.7.2:
  Successfully uninstalled rsa-4.7.2
Found existing installation: scipy 1.7.1
Uninstalling scipy-1.7.1:
  Successfully uninstalled scipy-1.7.1
Found existing installation: seaborn 0.11.2
Uninstalling seaborn-0.11.2:
  Successfully uninstalled seaborn-0.11.2
Found existing installation: tensorboard 2.7.0
Uninstalling tensorboard-2.7.0:
  Successfully uninstalled tensorboard-2.7.0
Found existing installation: tensorboard-data-server 0.6.1
Uninstalling tensorboard-data-server-0.6.1:
  Successfully uninstalled tensorboard-data-server-0.6.1
Found existing installation: tensorboard-plugin-wit 1.8.0
Uninstalling tensorboard-plugin-wit-1.8.0:
  Successfully uninstalled tensorboard-plugin-wit-1.8.0
Found existing installation: thop 0.0.31.post2005241907
Uninstalling thop-0.0.31.post2005241907:
  Successfully uninstalled thop-0.0.31.post2005241907
Found existing installation: torch 1.9.1
Uninstalling torch-1.9.1:
  Successfully uninstalled torch-1.9.1
Found existing installation: torchvision 0.10.1
Uninstalling torchvision-0.10.1:
  Successfully uninstalled torchvision-0.10.1
Found existing installation: tqdm 4.62.3
Uninstalling tqdm-4.62.3:
  Successfully uninstalled tqdm-4.62.3
Found existing installation: typing-extensions 3.10.0.2
Uninstalling typing-extensions-3.10.0.2:
  Successfully uninstalled typing-extensions-3.10.0.2
Found existing installation: Werkzeug 2.0.2
Uninstalling Werkzeug-2.0.2:
  Successfully uninstalled Werkzeug-2.0.2
Defaulting to user installation because normal site-packages is not writeable
Collecting matplotlib>=3.2.2
  Downloading matplotlib-3.4.3-cp38-cp38-manylinux1_x86_64.whl (10.3 MB)
Collecting numpy>=1.18.5
  Downloading numpy-1.21.3-cp38-cp38-manylinux_2_12_x86_64.manylinux2010_x86_64.whl (15.7 MB)
Collecting opencv-python>=4.1.2
  Downloading opencv_python-4.5.4.58-cp38-cp38-manylinux2014_x86_64.whl (60.3 MB)
Collecting Pillow>=7.1.2
  Downloading Pillow-8.4.0-cp38-cp38-manylinux_2_17_x86_64.manylinux2014_x86_64.whl (3.1 MB)
Collecting PyYAML>=5.3.1
  Downloading PyYAML-6.0-cp38-cp38-manylinux_2_5_x86_64.manylinux1_x86_64.manylinux_2_12_x86_64.manylinux2010_x86_64.whl (701 kB)
Collecting scipy>=1.4.1
  Downloading scipy-1.7.1-cp38-cp38-manylinux_2_5_x86_64.manylinux1_x86_64.whl (28.4 MB)
Collecting torch>=1.7.0
  Downloading torch-1.9.1-cp38-cp38-manylinux1_x86_64.whl (831.4 MB)
Collecting torchvision>=0.8.1
  Downloading torchvision-0.10.1-cp38-cp38-manylinux1_x86_64.whl (22.1 MB)
Collecting tqdm>=4.41.0
  Downloading tqdm-4.62.3-py2.py3-none-any.whl (76 kB)
Collecting tensorboard>=2.4.1
  Downloading tensorboard-2.7.0-py3-none-any.whl (5.8 MB)
Collecting pandas
  Downloading pandas-1.3.4-cp38-cp38-manylinux_2_17_x86_64.manylinux2014_x86_64.whl (11.5 MB)
Collecting seaborn>=0.11.0
  Downloading seaborn-0.11.2-py3-none-any.whl (292 kB)
Collecting thop
  Downloading thop-0.0.31.post2005241907-py3-none-any.whl (8.7 kB)
Requirement already satisfied: pyparsing>=2.2.1 in /cluster/apps/eb/software/Python/3.8.6-GCCcore-10.2.0/lib/python3.8/site-packages (from matplotlib>=3.2.2->-r requirements.txt (line 4)) (2.4.7)
Requirement already satisfied: python-dateutil>=2.7 in /cluster/apps/eb/software/Python/3.8.6-GCCcore-10.2.0/lib/python3.8/site-packages (from matplotlib>=3.2.2->-r requirements.txt (line 4)) (2.8.1)
Collecting kiwisolver>=1.0.1
  Downloading kiwisolver-1.3.2-cp38-cp38-manylinux_2_5_x86_64.manylinux1_x86_64.whl (1.2 MB)
Collecting cycler>=0.10
  Downloading cycler-0.10.0-py2.py3-none-any.whl (6.5 kB)
Collecting typing-extensions
  Downloading typing_extensions-3.10.0.2-py3-none-any.whl (26 kB)
Collecting werkzeug>=0.11.15
  Downloading Werkzeug-2.0.2-py3-none-any.whl (288 kB)
Collecting google-auth-oauthlib<0.5,>=0.4.1
  Downloading google_auth_oauthlib-0.4.6-py2.py3-none-any.whl (18 kB)
Requirement already satisfied: setuptools>=41.0.0 in /cluster/apps/eb/software/Python/3.8.6-GCCcore-10.2.0/lib/python3.8/site-packages (from tensorboard>=2.4.1->-r requirements.txt (line 15)) (50.3.0)
Collecting google-auth<3,>=1.6.3
  Downloading google_auth-2.3.0-py2.py3-none-any.whl (154 kB)
Collecting tensorboard-data-server<0.7.0,>=0.6.0
  Downloading tensorboard_data_server-0.6.1-py3-none-manylinux2010_x86_64.whl (4.9 MB)
Collecting grpcio>=1.24.3
  Downloading grpcio-1.41.0-cp38-cp38-manylinux_2_17_x86_64.manylinux2014_x86_64.whl (3.9 MB)
Collecting tensorboard-plugin-wit>=1.6.0
  Downloading tensorboard_plugin_wit-1.8.0-py3-none-any.whl (781 kB)
Requirement already satisfied: wheel>=0.26 in /cluster/apps/eb/software/Python/3.8.6-GCCcore-10.2.0/lib/python3.8/site-packages (from tensorboard>=2.4.1->-r requirements.txt (line 15)) (0.35.1)
Collecting protobuf>=3.6.0
  Downloading protobuf-3.19.0-cp38-cp38-manylinux_2_17_x86_64.manylinux2014_x86_64.whl (1.1 MB)
Requirement already satisfied: requests<3,>=2.21.0 in /cluster/apps/eb/software/Python/3.8.6-GCCcore-10.2.0/lib/python3.8/site-packages (from tensorboard>=2.4.1->-r requirements.txt (line 15)) (2.24.0)
Collecting markdown>=2.6.8
  Downloading Markdown-3.3.4-py3-none-any.whl (97 kB)
Collecting absl-py>=0.4
  Downloading absl_py-0.15.0-py3-none-any.whl (132 kB)
Requirement already satisfied: pytz>=2017.3 in /cluster/apps/eb/software/Python/3.8.6-GCCcore-10.2.0/lib/python3.8/site-packages (from pandas->-r requirements.txt (line 19)) (2020.1)
Requirement already satisfied: six>=1.5 in /cluster/apps/eb/software/Python/3.8.6-GCCcore-10.2.0/lib/python3.8/site-packages (from python-dateutil>=2.7->matplotlib>=3.2.2->-r requirements.txt (line 4)) (1.15.0)
Collecting requests-oauthlib>=0.7.0
  Downloading requests_oauthlib-1.3.0-py2.py3-none-any.whl (23 kB)
Collecting pyasn1-modules>=0.2.1
  Downloading pyasn1_modules-0.2.8-py2.py3-none-any.whl (155 kB)
Collecting rsa<5,>=3.1.4
  Downloading rsa-4.7.2-py3-none-any.whl (34 kB)
Collecting cachetools<5.0,>=2.0.0
  Downloading cachetools-4.2.4-py3-none-any.whl (10 kB)
Requirement already satisfied: idna<3,>=2.5 in /cluster/apps/eb/software/Python/3.8.6-GCCcore-10.2.0/lib/python3.8/site-packages (from requests<3,>=2.21.0->tensorboard>=2.4.1->-r requirements.txt (line 15)) (2.10)
Requirement already satisfied: chardet<4,>=3.0.2 in /cluster/apps/eb/software/Python/3.8.6-GCCcore-10.2.0/lib/python3.8/site-packages (from requests<3,>=2.21.0->tensorboard>=2.4.1->-r requirements.txt (line 15)) (3.0.4)
Requirement already satisfied: certifi>=2017.4.17 in /cluster/apps/eb/software/Python/3.8.6-GCCcore-10.2.0/lib/python3.8/site-packages (from requests<3,>=2.21.0->tensorboard>=2.4.1->-r requirements.txt (line 15)) (2020.6.20)
Requirement already satisfied: urllib3!=1.25.0,!=1.25.1,<1.26,>=1.21.1 in /cluster/apps/eb/software/Python/3.8.6-GCCcore-10.2.0/lib/python3.8/site-packages (from requests<3,>=2.21.0->tensorboard>=2.4.1->-r requirements.txt (line 15)) (1.25.10)
Collecting oauthlib>=3.0.0
  Downloading oauthlib-3.1.1-py2.py3-none-any.whl (146 kB)
Requirement already satisfied: pyasn1<0.5.0,>=0.4.6 in /cluster/apps/eb/software/Python/3.8.6-GCCcore-10.2.0/lib/python3.8/site-packages (from pyasn1-modules>=0.2.1->google-auth<3,>=1.6.3->tensorboard>=2.4.1->-r requirements.txt (line 15)) (0.4.8)
Installing collected packages: numpy, Pillow, kiwisolver, cycler, matplotlib, opencv-python, PyYAML, scipy, typing-extensions, torch, torchvision, tqdm, werkzeug, pyasn1-modules, rsa, cachetools, google-auth, oauthlib, requests-oauthlib, google-auth-oauthlib, tensorboard-data-server, grpcio, tensorboard-plugin-wit, protobuf, markdown, absl-py, tensorboard, pandas, seaborn, thop
